[2025-07-11 22:43:31] [src\utils\log.rs:54]  ----------------------------LWEB-API---------------------------- 
[2025-07-11 22:43:31] [src\utils\log.rs:60] 版本：1.0.0
[2025-07-11 22:43:31] [src\utils\log.rs:61] 地址：http://127.0.0.1:8000
[2025-07-11 22:43:31] [src\utils\log.rs:68]  ---------------------------------------------------------------- 
[2025-07-11 22:43:59] [src\middlewares\logging.rs:21] -->  GET  /
[2025-07-11 22:43:59] [src\middlewares\logging.rs:53] <--  404  ( 0  ms)
[2025-07-11 22:49:05] [src\utils\log.rs:52]  ----------------------------LWEB-API---------------------------- 
[2025-07-11 22:49:05] [src\utils\log.rs:58] 版本：1.0.0
[2025-07-11 22:49:05] [src\utils\log.rs:59] 地址：http://127.0.0.1:8000
[2025-07-11 22:49:05] [src\utils\log.rs:66]  ---------------------------------------------------------------- 
[2025-07-11 22:55:58] [src\middlewares\logging.rs:21] -->  GET  /user/list
[2025-07-11 22:55:58] [src\middlewares\logging.rs:53] <--  404  ( 0  ms)
[2025-07-11 22:56:07] [src\middlewares\logging.rs:21] -->  GET  /users/list
[2025-07-11 22:56:07] [src\middlewares\logging.rs:53] <--  200  ( 0  ms)
[2025-07-11 22:56:07] [src\middlewares\logging.rs:21] -->  GET  /favicon.ico
[2025-07-11 22:56:07] [src\middlewares\logging.rs:53] <--  404  ( 0  ms)
[2025-07-11 22:56:41] [src\utils\log.rs:52]  ----------------------------LWEB-API---------------------------- 
[2025-07-11 22:56:41] [src\utils\log.rs:58] 版本：1.0.0
[2025-07-11 22:56:41] [src\utils\log.rs:59] 地址：http://127.0.0.1:8000
[2025-07-11 22:56:41] [src\utils\log.rs:66]  ---------------------------------------------------------------- 
[2025-07-11 22:56:46] [src\middlewares\logging.rs:21] -->  GET  /users/list
[2025-07-11 22:56:46] [src\services\user_service.rs:5] 获取用户数据
[2025-07-11 22:56:46] [src\middlewares\logging.rs:53] <--  200  ( 0  ms)
[2025-07-11 23:12:18] [src\utils\log.rs:60]  ----------------------------LWEB-API---------------------------- 
[2025-07-11 23:12:18] [src\utils\log.rs:66] 版本：1.0.0
[2025-07-11 23:12:18] [src\utils\log.rs:67] 地址：http://127.0.0.1:8000
[2025-07-11 23:12:18] [src\utils\log.rs:74]  ---------------------------------------------------------------- 
[2025-07-11 23:12:23] [src\middlewares\logging.rs:21] -->  GET  /users/list
[2025-07-11 23:12:23] [src\services\user_service.rs:5] [INFO] 获取用户数据
[2025-07-11 23:12:23] [src\middlewares\logging.rs:53] <--  200  ( 0  ms)
[2025-07-11 23:15:45] [src\utils\log.rs:75]  ----------------------------LWEB-API---------------------------- 
[2025-07-11 23:15:45] [src\utils\log.rs:81] 版本：1.0.0
[2025-07-11 23:15:45] [src\utils\log.rs:82] 地址：http://127.0.0.1:8000
[2025-07-11 23:15:45] [src\utils\log.rs:89]  ---------------------------------------------------------------- 
[2025-07-11 23:15:50] [src\middlewares\logging.rs:21] -->  GET  /users/list
[2025-07-11 23:15:50] [src\services\user_service.rs:5] [INFO] 获取用户数据
[2025-07-11 23:15:50] [src\middlewares\logging.rs:53] <--  200  ( 0  ms)
[2025-07-11 23:16:14] [src\utils\log.rs:75]  ----------------------------LWEB-API---------------------------- 
[2025-07-11 23:16:14] [src\utils\log.rs:81] 版本：1.0.0
[2025-07-11 23:16:14] [src\utils\log.rs:82] 地址：http://127.0.0.1:8000
[2025-07-11 23:16:14] [src\utils\log.rs:89]  ---------------------------------------------------------------- 
[2025-07-11 23:16:16] [src\middlewares\logging.rs:21] -->  GET  /users/list
[2025-07-11 23:16:16] [src\services\user_service.rs:5] [INFO] 获取用户数据
[2025-07-11 23:16:16] [src\middlewares\logging.rs:53] <--  200  ( 0  ms)
[2025-07-11 23:16:53] [src\utils\log.rs:75]  ----------------------------LWEB-API---------------------------- 
[2025-07-11 23:16:53] [src\utils\log.rs:81] 版本：1.0.0
[2025-07-11 23:16:53] [src\utils\log.rs:82] 地址：http://127.0.0.1:8000
[2025-07-11 23:16:53] [src\utils\log.rs:89]  ---------------------------------------------------------------- 
[2025-07-11 23:16:55] [src\middlewares\logging.rs:21] -->  GET  /users/list
[2025-07-11 23:16:55] [src\services\user_service.rs:5] [INFO] 获取用户数据
[2025-07-11 23:16:55] [src\middlewares\logging.rs:53] <--  200  ( 0  ms)
[2025-07-11 23:17:31] [src\utils\log.rs:75]  ----------------------------LWEB-API---------------------------- 
[2025-07-11 23:17:31] [src\utils\log.rs:81] 版本：1.0.0
[2025-07-11 23:17:31] [src\utils\log.rs:82] 地址：http://127.0.0.1:8000
[2025-07-11 23:17:31] [src\utils\log.rs:89]  ---------------------------------------------------------------- 
[2025-07-11 23:17:33] [src\middlewares\logging.rs:21] -->  GET  /users/list
[2025-07-11 23:17:33] [src\services\user_service.rs:5] [INFO] 获取用户数据
[2025-07-11 23:17:33] [src\services\user_service.rs:6] [WARN] 获取用户数据
[2025-07-11 23:17:33] [src\services\user_service.rs:7] [ERROR] 获取用户数据
[2025-07-11 23:17:33] [src\middlewares\logging.rs:53] <--  200  ( 0  ms)
[2025-07-12 00:09:17] [src\config.rs:43] [ERROR] 配置加载失败: missing field `database`
[2025-07-12 00:09:17] [src\config.rs:44] [ERROR] 尝试加载的路径: \\?\C:\Users\longb\Desktop\lweb-api\config\app.config.jsonc
[2025-07-12 00:12:22] [src\main.rs:22] [INFO] 数据库1
[2025-07-12 00:12:22] [src\utils\log.rs:79]  ----------------------------LWEB-API---------------------------- 
[2025-07-12 00:12:22] [src\utils\log.rs:85] 版本：1.0.0
[2025-07-12 00:12:22] [src\utils\log.rs:86] 地址：http://127.0.0.1:8000
[2025-07-12 00:12:22] [src\utils\log.rs:93]  ---------------------------------------------------------------- 
[2025-07-12 00:12:39] [src\main.rs:22] [INFO] 数据库1
[2025-07-12 00:12:39] [src\utils\log.rs:79]  ----------------------------LWEB-API---------------------------- 
[2025-07-12 00:12:39] [src\utils\log.rs:85] 版本：1.0.0
[2025-07-12 00:12:39] [src\utils\log.rs:86] 地址：http://127.0.0.1:8000
[2025-07-12 00:12:39] [src\utils\log.rs:93]  ---------------------------------------------------------------- 
[2025-07-12 00:13:20] [src\utils\log.rs:79]  ----------------------------LWEB-API---------------------------- 
[2025-07-12 00:13:20] [src\utils\log.rs:85] 版本：1.0.0
[2025-07-12 00:13:20] [src\utils\log.rs:86] 地址：http://127.0.0.1:8000
[2025-07-12 00:13:20] [src\utils\log.rs:93]  ---------------------------------------------------------------- 
[2025-07-12 00:13:20] [src\main.rs:25] [INFO] 数据库1
